2019-11-26 08:54:58,772 [Worker-5: Loading available Gradle versions] INFO  o.e.b.c.i.u.g.PublishedGradleVersions - Gradle version information cache is up-to-date. Trying to read.
2019-11-26 08:56:01,489 [Worker-6: Importing Maven projects] INFO  o.e.m.c.i.l.LifecycleMappingFactory - Using org.eclipse.m2e.jdt.JarLifecycleMapping lifecycle mapping for MavenProject: org.fogbeam.example.opennlp:nlp-demo1:0.0.1-SNAPSHOT @ C:\Users\Estancia\Desktop\Prototipo de gestion de informacion no estructurada\opennlp_entrenamiento\pom.xml.
2019-11-26 08:56:05,157 [Worker-6: Importing Maven projects] INFO  o.e.m.j.i.AbstractJavaProjectConfigurator - Adding source folder /nlp-demo1/src/main/java
2019-11-26 08:56:05,158 [Worker-6: Importing Maven projects] INFO  o.e.m.j.i.AbstractJavaProjectConfigurator - Adding source folder /nlp-demo1/src/test/java
2019-11-26 08:56:05,247 [Worker-6: Importing Maven projects] INFO  o.e.m.c.i.p.ProjectConfigurationManager - Imported and configured 1 project(s) in 13 sec
2019-11-26 08:56:06,559 [Worker-7: Building workspace] WARN  o.e.m.c.i.embedder.EclipseLogger - Using platform encoding (Cp1252 actually) to copy filtered resources, i.e. build is platform dependent!
2019-11-26 08:56:06,566 [Worker-7: Building workspace] INFO  o.e.m.c.i.embedder.EclipseLogger - skip non existing resourceDirectory C:\Users\Estancia\Desktop\Prototipo de gestion de informacion no estructurada\opennlp_entrenamiento\src\main\resources
2019-11-26 08:56:06,569 [Worker-7: Building workspace] WARN  o.e.m.c.i.embedder.EclipseLogger - Using platform encoding (Cp1252 actually) to copy filtered resources, i.e. build is platform dependent!
2019-11-26 08:56:06,579 [Worker-7: Building workspace] INFO  o.e.m.c.i.embedder.EclipseLogger - skip non existing resourceDirectory C:\Users\Estancia\Desktop\Prototipo de gestion de informacion no estructurada\opennlp_entrenamiento\src\test\resources
2019-11-26 08:57:09,755 [Worker-1: Importing Maven projects] INFO  o.e.m.c.i.l.LifecycleMappingFactory - Using org.eclipse.m2e.jdt.JarLifecycleMapping lifecycle mapping for MavenProject: edu.upv:app_analisis_tuits:1.0.0 @ C:\Users\Estancia\Desktop\Prototipo de gestion de informacion no estructurada\app_analisis_tuits\pom.xml.
2019-11-26 08:57:10,633 [Worker-1: Importing Maven projects] INFO  o.e.m.j.i.AbstractJavaProjectConfigurator - Adding source folder /app_analisis_tuits/src/main/java
2019-11-26 08:57:10,634 [Worker-1: Importing Maven projects] INFO  o.e.m.j.i.AbstractJavaProjectConfigurator - Adding source folder /app_analisis_tuits/src/test/java
2019-11-26 08:57:10,797 [Worker-1: Importing Maven projects] INFO  o.e.m.c.i.p.ProjectConfigurationManager - Imported and configured 1 project(s) in 1 sec
2019-11-26 08:57:11,400 [Worker-11: Building workspace] INFO  o.e.m.c.i.embedder.EclipseLogger - Using 'UTF-8' encoding to copy filtered resources.
2019-11-26 08:57:11,400 [Worker-11: Building workspace] INFO  o.e.m.c.i.embedder.EclipseLogger - skip non existing resourceDirectory C:\Users\Estancia\Desktop\Prototipo de gestion de informacion no estructurada\app_analisis_tuits\src\main\resources
2019-11-26 08:57:11,402 [Worker-11: Building workspace] INFO  o.e.m.c.i.embedder.EclipseLogger - Using 'UTF-8' encoding to copy filtered resources.
2019-11-26 08:57:11,417 [Worker-11: Building workspace] INFO  o.e.m.c.i.embedder.EclipseLogger - skip non existing resourceDirectory C:\Users\Estancia\Desktop\Prototipo de gestion de informacion no estructurada\app_analisis_tuits\src\test\resources
2019-11-26 09:20:12,978 [Worker-2: Building workspace] INFO  o.e.m.c.i.embedder.EclipseLogger - Using 'UTF-8' encoding to copy filtered resources.
2019-11-26 09:20:12,978 [Worker-2: Building workspace] INFO  o.e.m.c.i.embedder.EclipseLogger - skip non existing resourceDirectory C:\Users\Estancia\Desktop\Prototipo de gestion de informacion no estructurada\app_analisis_tuits\src\main\resources
2019-11-26 09:20:12,978 [Worker-2: Building workspace] INFO  o.e.m.c.i.embedder.EclipseLogger - Using 'UTF-8' encoding to copy filtered resources.
2019-11-26 09:20:12,994 [Worker-2: Building workspace] INFO  o.e.m.c.i.embedder.EclipseLogger - skip non existing resourceDirectory C:\Users\Estancia\Desktop\Prototipo de gestion de informacion no estructurada\app_analisis_tuits\src\test\resources
2019-11-26 09:20:13,009 [Worker-2: Building workspace] WARN  o.e.m.c.i.embedder.EclipseLogger - Using platform encoding (Cp1252 actually) to copy filtered resources, i.e. build is platform dependent!
2019-11-26 09:20:13,041 [Worker-2: Building workspace] INFO  o.e.m.c.i.embedder.EclipseLogger - skip non existing resourceDirectory C:\Users\Estancia\Desktop\Prototipo de gestion de informacion no estructurada\opennlp_entrenamiento\src\main\resources
2019-11-26 09:20:13,041 [Worker-2: Building workspace] WARN  o.e.m.c.i.embedder.EclipseLogger - Using platform encoding (Cp1252 actually) to copy filtered resources, i.e. build is platform dependent!
2019-11-26 09:20:13,072 [Worker-2: Building workspace] INFO  o.e.m.c.i.embedder.EclipseLogger - skip non existing resourceDirectory C:\Users\Estancia\Desktop\Prototipo de gestion de informacion no estructurada\opennlp_entrenamiento\src\test\resources
2019-11-26 09:33:05,600 [Worker-14: Building workspace] WARN  o.e.m.c.i.embedder.EclipseLogger - Using platform encoding (Cp1252 actually) to copy filtered resources, i.e. build is platform dependent!
2019-11-26 09:33:05,609 [Worker-14: Building workspace] INFO  o.e.m.c.i.embedder.EclipseLogger - skip non existing resourceDirectory C:\Users\Estancia\Desktop\Prototipo de gestion de informacion no estructurada\opennlp_entrenamiento\src\main\resources
2019-11-26 09:33:05,611 [Worker-14: Building workspace] WARN  o.e.m.c.i.embedder.EclipseLogger - Using platform encoding (Cp1252 actually) to copy filtered resources, i.e. build is platform dependent!
2019-11-26 09:33:05,618 [Worker-14: Building workspace] INFO  o.e.m.c.i.embedder.EclipseLogger - skip non existing resourceDirectory C:\Users\Estancia\Desktop\Prototipo de gestion de informacion no estructurada\opennlp_entrenamiento\src\test\resources
2019-11-26 09:33:44,317 [Worker-13: Building workspace] WARN  o.e.m.c.i.embedder.EclipseLogger - Using platform encoding (Cp1252 actually) to copy filtered resources, i.e. build is platform dependent!
2019-11-26 09:33:44,346 [Worker-13: Building workspace] INFO  o.e.m.c.i.embedder.EclipseLogger - skip non existing resourceDirectory C:\Users\Estancia\Desktop\Prototipo de gestion de informacion no estructurada\opennlp_entrenamiento\src\main\resources
2019-11-26 09:33:44,348 [Worker-13: Building workspace] WARN  o.e.m.c.i.embedder.EclipseLogger - Using platform encoding (Cp1252 actually) to copy filtered resources, i.e. build is platform dependent!
2019-11-26 09:33:44,367 [Worker-13: Building workspace] INFO  o.e.m.c.i.embedder.EclipseLogger - skip non existing resourceDirectory C:\Users\Estancia\Desktop\Prototipo de gestion de informacion no estructurada\opennlp_entrenamiento\src\test\resources
2019-11-26 09:34:53,401 [Worker-13: Building workspace] WARN  o.e.m.c.i.embedder.EclipseLogger - Using platform encoding (Cp1252 actually) to copy filtered resources, i.e. build is platform dependent!
2019-11-26 09:34:53,429 [Worker-13: Building workspace] INFO  o.e.m.c.i.embedder.EclipseLogger - skip non existing resourceDirectory C:\Users\Estancia\Desktop\Prototipo de gestion de informacion no estructurada\opennlp_entrenamiento\src\main\resources
2019-11-26 09:34:53,440 [Worker-13: Building workspace] WARN  o.e.m.c.i.embedder.EclipseLogger - Using platform encoding (Cp1252 actually) to copy filtered resources, i.e. build is platform dependent!
2019-11-26 09:34:53,459 [Worker-13: Building workspace] INFO  o.e.m.c.i.embedder.EclipseLogger - skip non existing resourceDirectory C:\Users\Estancia\Desktop\Prototipo de gestion de informacion no estructurada\opennlp_entrenamiento\src\test\resources
2019-11-26 09:35:19,819 [Worker-16: Building workspace] INFO  o.e.m.c.i.l.LifecycleMappingFactory - Using org.eclipse.m2e.jdt.JarLifecycleMapping lifecycle mapping for MavenProject: org.fogbeam.example.opennlp:nlp-demo1:0.0.1-SNAPSHOT @ C:\Users\Estancia\Desktop\Prototipo de gestion de informacion no estructurada\opennlp_entrenamiento\pom.xml.
2019-11-26 09:35:19,972 [Worker-16: Building workspace] WARN  o.e.m.c.i.embedder.EclipseLogger - Using platform encoding (Cp1252 actually) to copy filtered resources, i.e. build is platform dependent!
2019-11-26 09:35:19,981 [Worker-16: Building workspace] INFO  o.e.m.c.i.embedder.EclipseLogger - skip non existing resourceDirectory C:\Users\Estancia\Desktop\Prototipo de gestion de informacion no estructurada\opennlp_entrenamiento\src\main\resources
2019-11-26 09:35:19,989 [Worker-16: Building workspace] WARN  o.e.m.c.i.embedder.EclipseLogger - Using platform encoding (Cp1252 actually) to copy filtered resources, i.e. build is platform dependent!
2019-11-26 09:35:20,004 [Worker-16: Building workspace] INFO  o.e.m.c.i.embedder.EclipseLogger - skip non existing resourceDirectory C:\Users\Estancia\Desktop\Prototipo de gestion de informacion no estructurada\opennlp_entrenamiento\src\test\resources
2019-11-26 09:36:54,792 [Worker-13: Building workspace] WARN  o.e.m.c.i.embedder.EclipseLogger - Using platform encoding (Cp1252 actually) to copy filtered resources, i.e. build is platform dependent!
2019-11-26 09:36:54,792 [Worker-13: Building workspace] INFO  o.e.m.c.i.embedder.EclipseLogger - skip non existing resourceDirectory C:\Users\Estancia\Desktop\Prototipo de gestion de informacion no estructurada\opennlp_entrenamiento\src\main\resources
2019-11-26 09:36:54,802 [Worker-13: Building workspace] WARN  o.e.m.c.i.embedder.EclipseLogger - Using platform encoding (Cp1252 actually) to copy filtered resources, i.e. build is platform dependent!
2019-11-26 09:36:54,822 [Worker-13: Building workspace] INFO  o.e.m.c.i.embedder.EclipseLogger - skip non existing resourceDirectory C:\Users\Estancia\Desktop\Prototipo de gestion de informacion no estructurada\opennlp_entrenamiento\src\test\resources
2019-11-26 09:39:17,799 [Worker-16: Building workspace] INFO  o.e.m.c.i.l.LifecycleMappingFactory - Using org.eclipse.m2e.jdt.JarLifecycleMapping lifecycle mapping for MavenProject: org.fogbeam.example.opennlp:nlp-demo1:0.0.1-SNAPSHOT @ C:\Users\Estancia\Desktop\Prototipo de gestion de informacion no estructurada\opennlp_entrenamiento\pom.xml.
2019-11-26 09:39:18,102 [Worker-16: Building workspace] WARN  o.e.m.c.i.embedder.EclipseLogger - Using platform encoding (Cp1252 actually) to copy filtered resources, i.e. build is platform dependent!
2019-11-26 09:39:18,117 [Worker-16: Building workspace] INFO  o.e.m.c.i.embedder.EclipseLogger - skip non existing resourceDirectory C:\Users\Estancia\Desktop\Prototipo de gestion de informacion no estructurada\opennlp_entrenamiento\src\main\resources
2019-11-26 09:39:18,127 [Worker-16: Building workspace] WARN  o.e.m.c.i.embedder.EclipseLogger - Using platform encoding (Cp1252 actually) to copy filtered resources, i.e. build is platform dependent!
2019-11-26 09:39:18,142 [Worker-16: Building workspace] INFO  o.e.m.c.i.embedder.EclipseLogger - skip non existing resourceDirectory C:\Users\Estancia\Desktop\Prototipo de gestion de informacion no estructurada\opennlp_entrenamiento\src\test\resources
2019-11-26 09:41:13,088 [Worker-16: Building workspace] WARN  o.e.m.c.i.embedder.EclipseLogger - Using platform encoding (Cp1252 actually) to copy filtered resources, i.e. build is platform dependent!
2019-11-26 09:41:13,103 [Worker-16: Building workspace] INFO  o.e.m.c.i.embedder.EclipseLogger - skip non existing resourceDirectory C:\Users\Estancia\Desktop\Prototipo de gestion de informacion no estructurada\opennlp_entrenamiento\src\main\resources
2019-11-26 09:41:13,111 [Worker-16: Building workspace] WARN  o.e.m.c.i.embedder.EclipseLogger - Using platform encoding (Cp1252 actually) to copy filtered resources, i.e. build is platform dependent!
2019-11-26 09:41:13,125 [Worker-16: Building workspace] INFO  o.e.m.c.i.embedder.EclipseLogger - skip non existing resourceDirectory C:\Users\Estancia\Desktop\Prototipo de gestion de informacion no estructurada\opennlp_entrenamiento\src\test\resources
2019-11-26 09:42:34,223 [Worker-18: Building workspace] WARN  o.e.m.c.i.embedder.EclipseLogger - Using platform encoding (Cp1252 actually) to copy filtered resources, i.e. build is platform dependent!
2019-11-26 09:42:34,239 [Worker-18: Building workspace] INFO  o.e.m.c.i.embedder.EclipseLogger - skip non existing resourceDirectory C:\Users\Estancia\Desktop\Prototipo de gestion de informacion no estructurada\opennlp_entrenamiento\src\main\resources
2019-11-26 09:42:34,247 [Worker-18: Building workspace] WARN  o.e.m.c.i.embedder.EclipseLogger - Using platform encoding (Cp1252 actually) to copy filtered resources, i.e. build is platform dependent!
2019-11-26 09:42:34,264 [Worker-18: Building workspace] INFO  o.e.m.c.i.embedder.EclipseLogger - skip non existing resourceDirectory C:\Users\Estancia\Desktop\Prototipo de gestion de informacion no estructurada\opennlp_entrenamiento\src\test\resources
2019-11-26 09:43:33,089 [Worker-21: Building workspace] WARN  o.e.m.c.i.embedder.EclipseLogger - Using platform encoding (Cp1252 actually) to copy filtered resources, i.e. build is platform dependent!
2019-11-26 09:43:33,107 [Worker-21: Building workspace] INFO  o.e.m.c.i.embedder.EclipseLogger - skip non existing resourceDirectory C:\Users\Estancia\Desktop\Prototipo de gestion de informacion no estructurada\opennlp_entrenamiento\src\main\resources
2019-11-26 09:43:33,117 [Worker-21: Building workspace] WARN  o.e.m.c.i.embedder.EclipseLogger - Using platform encoding (Cp1252 actually) to copy filtered resources, i.e. build is platform dependent!
2019-11-26 09:43:33,133 [Worker-21: Building workspace] INFO  o.e.m.c.i.embedder.EclipseLogger - skip non existing resourceDirectory C:\Users\Estancia\Desktop\Prototipo de gestion de informacion no estructurada\opennlp_entrenamiento\src\test\resources
2019-11-26 09:44:12,606 [Worker-20: Building workspace] WARN  o.e.m.c.i.embedder.EclipseLogger - Using platform encoding (Cp1252 actually) to copy filtered resources, i.e. build is platform dependent!
2019-11-26 09:44:12,627 [Worker-20: Building workspace] INFO  o.e.m.c.i.embedder.EclipseLogger - skip non existing resourceDirectory C:\Users\Estancia\Desktop\Prototipo de gestion de informacion no estructurada\opennlp_entrenamiento\src\main\resources
2019-11-26 09:44:12,641 [Worker-20: Building workspace] WARN  o.e.m.c.i.embedder.EclipseLogger - Using platform encoding (Cp1252 actually) to copy filtered resources, i.e. build is platform dependent!
2019-11-26 09:44:12,664 [Worker-20: Building workspace] INFO  o.e.m.c.i.embedder.EclipseLogger - skip non existing resourceDirectory C:\Users\Estancia\Desktop\Prototipo de gestion de informacion no estructurada\opennlp_entrenamiento\src\test\resources
2019-11-26 09:46:43,132 [Worker-22: Building workspace] INFO  o.e.m.c.i.l.LifecycleMappingFactory - Using org.eclipse.m2e.jdt.JarLifecycleMapping lifecycle mapping for MavenProject: org.fogbeam.example.opennlp:nlp-demo1:1.0.0 @ C:\Users\Estancia\Desktop\Prototipo de gestion de informacion no estructurada\opennlp_entrenamiento\pom.xml.
2019-11-26 09:46:43,428 [Worker-22: Building workspace] WARN  o.e.m.c.i.embedder.EclipseLogger - Using platform encoding (Cp1252 actually) to copy filtered resources, i.e. build is platform dependent!
2019-11-26 09:46:43,450 [Worker-22: Building workspace] INFO  o.e.m.c.i.embedder.EclipseLogger - skip non existing resourceDirectory C:\Users\Estancia\Desktop\Prototipo de gestion de informacion no estructurada\opennlp_entrenamiento\src\main\resources
2019-11-26 09:46:43,461 [Worker-22: Building workspace] WARN  o.e.m.c.i.embedder.EclipseLogger - Using platform encoding (Cp1252 actually) to copy filtered resources, i.e. build is platform dependent!
2019-11-26 09:46:43,471 [Worker-22: Building workspace] INFO  o.e.m.c.i.embedder.EclipseLogger - skip non existing resourceDirectory C:\Users\Estancia\Desktop\Prototipo de gestion de informacion no estructurada\opennlp_entrenamiento\src\test\resources
2019-11-26 17:29:01,547 [Worker-34: Building workspace] WARN  o.e.m.c.i.embedder.EclipseLogger - Using platform encoding (Cp1252 actually) to copy filtered resources, i.e. build is platform dependent!
2019-11-26 17:29:01,561 [Worker-34: Building workspace] INFO  o.e.m.c.i.embedder.EclipseLogger - skip non existing resourceDirectory C:\Users\Estancia\Desktop\Prototipo de gestion de informacion no estructurada\opennlp_entrenamiento\src\main\resources
2019-11-26 17:29:01,563 [Worker-34: Building workspace] WARN  o.e.m.c.i.embedder.EclipseLogger - Using platform encoding (Cp1252 actually) to copy filtered resources, i.e. build is platform dependent!
2019-11-26 17:29:01,571 [Worker-34: Building workspace] INFO  o.e.m.c.i.embedder.EclipseLogger - skip non existing resourceDirectory C:\Users\Estancia\Desktop\Prototipo de gestion de informacion no estructurada\opennlp_entrenamiento\src\test\resources
